c:\users\sahra\source\repos\poo\x64\debug\poo.pch
c:\users\sahra\source\repos\poo\x64\debug\vc143.pdb
c:\users\sahra\source\repos\poo\x64\debug\pch.obj
c:\users\sahra\source\repos\poo\x64\debug\poo.obj
c:\users\sahra\source\repos\poo\x64\debug\myform.obj
c:\users\sahra\source\repos\poo\x64\debug\cl_cad.obj
c:\users\sahra\source\repos\poo\x64\debug\clsvcgetionstat.obj
c:\users\sahra\source\repos\poo\x64\debug\clsvcgestionpersonnel.obj
c:\users\sahra\source\repos\poo\x64\debug\clsvcgestionclient.obj
c:\users\sahra\source\repos\poo\x64\debug\clmapproduit.obj
c:\users\sahra\source\repos\poo\x64\debug\clmappersonnel.obj
c:\users\sahra\source\repos\poo\x64\debug\clmapmodepaiment.obj
c:\users\sahra\source\repos\poo\x64\debug\clmapfacture.obj
c:\users\sahra\source\repos\poo\x64\debug\clmapcommande.obj
c:\users\sahra\source\repos\poo\x64\debug\clmapclient.obj
c:\users\sahra\source\repos\poo\x64\debug\clmapadress.obj
c:\users\sahra\source\repos\poo\x64\debug\assemblyinfo.obj
c:\users\sahra\source\repos\poo\x64\debug\.netframework,version=v4.7.2.assemblyattributes.obj
c:\users\sahra\source\repos\poo\x64\debug\app.res
c:\users\sahra\source\repos\poo\x64\debug\poo.exe
c:\users\sahra\source\repos\poo\x64\debug\poo.vcxproj.assemblyreference.cache
c:\users\sahra\source\repos\poo\x64\debug\poo.vcxproj.generateresource.cache
c:\users\sahra\source\repos\poo\x64\debug\poo.clients.resources
c:\users\sahra\source\repos\poo\x64\debug\poo.commandes.resources
c:\users\sahra\source\repos\poo\x64\debug\poo.myform.resources
c:\users\sahra\source\repos\poo\x64\debug\poo.personnel.resources
c:\users\sahra\source\repos\poo\x64\debug\poo.statistique.resources
c:\users\sahra\source\repos\poo\x64\debug\poo.stock.resources
c:\users\sahra\source\repos\poo\x64\debug\poo.pdb
c:\users\sahra\source\repos\poo\x64\debug\poo.tlog\cl.command.1.tlog
c:\users\sahra\source\repos\poo\x64\debug\poo.tlog\cl.read.1.tlog
c:\users\sahra\source\repos\poo\x64\debug\poo.tlog\cl.write.1.tlog
c:\users\sahra\source\repos\poo\x64\debug\poo.tlog\link.11376-cvtres.read.1.tlog
c:\users\sahra\source\repos\poo\x64\debug\poo.tlog\link.11376-cvtres.write.1.tlog
c:\users\sahra\source\repos\poo\x64\debug\poo.tlog\link.11376-rc.read.1.tlog
c:\users\sahra\source\repos\poo\x64\debug\poo.tlog\link.11376-rc.write.1.tlog
c:\users\sahra\source\repos\poo\x64\debug\poo.tlog\link.11376.read.1.tlog
c:\users\sahra\source\repos\poo\x64\debug\poo.tlog\link.11376.read.2.tlog
c:\users\sahra\source\repos\poo\x64\debug\poo.tlog\link.11376.write.1.tlog
c:\users\sahra\source\repos\poo\x64\debug\poo.tlog\link.13864-cvtres.read.1.tlog
c:\users\sahra\source\repos\poo\x64\debug\poo.tlog\link.13864-cvtres.write.1.tlog
c:\users\sahra\source\repos\poo\x64\debug\poo.tlog\link.13864-rc.read.1.tlog
c:\users\sahra\source\repos\poo\x64\debug\poo.tlog\link.13864-rc.write.1.tlog
c:\users\sahra\source\repos\poo\x64\debug\poo.tlog\link.13864.read.1.tlog
c:\users\sahra\source\repos\poo\x64\debug\poo.tlog\link.13864.read.2.tlog
c:\users\sahra\source\repos\poo\x64\debug\poo.tlog\link.13864.write.1.tlog
c:\users\sahra\source\repos\poo\x64\debug\poo.tlog\link.19848-cvtres.read.1.tlog
c:\users\sahra\source\repos\poo\x64\debug\poo.tlog\link.19848-cvtres.write.1.tlog
c:\users\sahra\source\repos\poo\x64\debug\poo.tlog\link.19848-rc.read.1.tlog
c:\users\sahra\source\repos\poo\x64\debug\poo.tlog\link.19848-rc.write.1.tlog
c:\users\sahra\source\repos\poo\x64\debug\poo.tlog\link.19848.read.1.tlog
c:\users\sahra\source\repos\poo\x64\debug\poo.tlog\link.19848.read.2.tlog
c:\users\sahra\source\repos\poo\x64\debug\poo.tlog\link.19848.write.1.tlog
c:\users\sahra\source\repos\poo\x64\debug\poo.tlog\link.27592-cvtres.read.1.tlog
c:\users\sahra\source\repos\poo\x64\debug\poo.tlog\link.27592-cvtres.write.1.tlog
c:\users\sahra\source\repos\poo\x64\debug\poo.tlog\link.27592-rc.read.1.tlog
c:\users\sahra\source\repos\poo\x64\debug\poo.tlog\link.27592-rc.write.1.tlog
c:\users\sahra\source\repos\poo\x64\debug\poo.tlog\link.27592.read.1.tlog
c:\users\sahra\source\repos\poo\x64\debug\poo.tlog\link.27592.read.2.tlog
c:\users\sahra\source\repos\poo\x64\debug\poo.tlog\link.27592.write.1.tlog
c:\users\sahra\source\repos\poo\x64\debug\poo.tlog\link.command.1.tlog
c:\users\sahra\source\repos\poo\x64\debug\poo.tlog\link.read.1.tlog
c:\users\sahra\source\repos\poo\x64\debug\poo.tlog\link.read.2.tlog
c:\users\sahra\source\repos\poo\x64\debug\poo.tlog\link.read.3.tlog
c:\users\sahra\source\repos\poo\x64\debug\poo.tlog\link.write.1.tlog
c:\users\sahra\source\repos\poo\x64\debug\poo.tlog\metagen.read.1.tlog
c:\users\sahra\source\repos\poo\x64\debug\poo.tlog\metagen.write.1.tlog
c:\users\sahra\source\repos\poo\x64\debug\poo.tlog\rc.command.1.tlog
c:\users\sahra\source\repos\poo\x64\debug\poo.tlog\rc.read.1.tlog
c:\users\sahra\source\repos\poo\x64\debug\poo.tlog\rc.write.1.tlog
c:\users\sahra\source\repos\poo\x64\debug\poo.tlog\resgen.command.1.tlog
c:\users\sahra\source\repos\poo\x64\debug\poo.tlog\resgen.read.1.tlog
c:\users\sahra\source\repos\poo\x64\debug\poo.tlog\resgen.write.1.tlog
